2019-08-16 00:02:16,782 ----------------------------------------------------------------------------------------------------
2019-08-16 00:02:16,784 Evaluation method: MICRO_F1_SCORE
2019-08-16 00:02:38,752 Reading data from data\flair
2019-08-16 00:02:38,754 Train: data\flair\train.csv
2019-08-16 00:02:38,757 Dev: data\flair\dev.csv
2019-08-16 00:02:38,759 Test: data\flair\test.csv
2019-08-16 00:02:40,912 set()
2019-08-16 00:02:40,923 ----------------------------------------------------------------------------------------------------
2019-08-16 00:02:40,926 Evaluation method: MICRO_F1_SCORE
2019-08-16 00:05:32,451 Reading data from data\flair
2019-08-16 00:05:32,453 Train: data\flair\train.csv
2019-08-16 00:05:32,455 Dev: data\flair\dev.csv
2019-08-16 00:05:32,458 Test: data\flair\test.csv
2019-08-16 00:05:34,873 set()
2019-08-16 00:05:34,883 ----------------------------------------------------------------------------------------------------
2019-08-16 00:05:34,885 Evaluation method: MICRO_F1_SCORE
2019-08-16 00:07:55,207 Reading data from data\flair
2019-08-16 00:07:55,210 Train: data\flair\train.csv
2019-08-16 00:07:55,213 Dev: data\flair\dev.csv
2019-08-16 00:07:55,216 Test: data\flair\test.csv
2019-08-16 00:07:57,613 set()
2019-08-16 00:07:57,620 ----------------------------------------------------------------------------------------------------
2019-08-16 00:07:57,622 Evaluation method: MICRO_F1_SCORE
2019-08-16 00:08:09,205 Reading data from data\flair
2019-08-16 00:08:09,206 Train: data\flair\train.csv
2019-08-16 00:08:09,208 Dev: data\flair\dev.csv
2019-08-16 00:08:09,210 Test: data\flair\test.csv
2019-08-16 00:08:11,686 set()
2019-08-16 00:10:23,821 Reading data from data\flair
2019-08-16 00:10:23,823 Train: data\flair\train.csv
2019-08-16 00:10:23,825 Dev: data\flair\dev.csv
2019-08-16 00:10:23,828 Test: data\flair\test.csv
2019-08-16 00:10:32,333 {'Positive', 'Negative'}
2019-08-16 00:10:32,450 ----------------------------------------------------------------------------------------------------
2019-08-16 00:10:32,452 Evaluation method: MICRO_F1_SCORE
2019-08-16 00:10:36,036 ----------------------------------------------------------------------------------------------------
2019-08-16 00:11:26,372 epoch 1 - iter 0/527 - loss 0.72898531
2019-08-16 00:11:52,706 epoch 1 - iter 52/527 - loss 0.69577087
2019-08-16 00:12:20,020 epoch 1 - iter 104/527 - loss 0.68637332
2019-08-16 00:12:45,406 epoch 1 - iter 156/527 - loss 0.67933746
2019-08-16 00:13:10,637 epoch 1 - iter 208/527 - loss 0.67212482
2019-08-16 00:13:24,286 ----------------------------------------------------------------------------------------------------
2019-08-16 00:13:24,295 Exiting from training early.
2019-08-16 00:13:24,304 Saving model ...
